[debug] [2026-04-20T13:50:54.526Z] ----------------------------------------------------------------------
[debug] [2026-04-20T13:50:54.547Z] Command:       C:\Program Files\nodejs\node.exe C:\Users\LOGAPRIYA\AppData\Roaming\npm\node_modules\firebase-tools\lib\bin\firebase.js init
[debug] [2026-04-20T13:50:54.548Z] CLI Version:   15.15.0
[debug] [2026-04-20T13:50:54.548Z] Platform:      win32
[debug] [2026-04-20T13:50:54.548Z] Node Version:  v24.11.1
[debug] [2026-04-20T13:50:54.548Z] Time:          Mon Apr 20 2026 19:20:54 GMT+0530 (India Standard Time)
[debug] [2026-04-20T13:50:54.548Z] ----------------------------------------------------------------------
[debug] 
[info] 
     ######## #### ########  ######## ########     ###     ######  ########
     ##        ##  ##     ## ##       ##     ##  ##   ##  ##       ##
     ######    ##  ########  ######   ########  #########  ######  ######
     ##        ##  ##    ##  ##       ##     ## ##     ##       ## ##
     ##       #### ##     ## ######## ########  ##     ##  ######  ########

You're about to initialize a Firebase project in this directory:

  C:\Users\LOGAPRIYA\Desktop\Project\fintrack-frontend

[info] 
=== Project Setup
[info] 
[info] First, let's associate this project directory with a Firebase project.
[info] You can create multiple project aliases by running firebase use --add, 
[info] 
[debug] [2026-04-20T13:53:47.474Z] > command requires scopes: ["email","openid","https://www.googleapis.com/auth/cloudplatformprojects.readonly","https://www.googleapis.com/auth/firebase","https://www.googleapis.com/auth/cloud-platform"]
[debug] [2026-04-20T13:53:47.475Z] > authorizing via signed-in user (yazhinirajavel01@gmail.com)
[debug] [2026-04-20T13:53:47.477Z] Checked if tokens are valid: true, expires at: 1776696349978
[debug] [2026-04-20T13:53:47.477Z] Checked if tokens are valid: true, expires at: 1776696349978
[debug] [2026-04-20T13:53:47.480Z] >>> [apiv2][query] GET https://firebase.googleapis.com/v1beta1/projects pageSize=100
[debug] [2026-04-20T13:53:48.415Z] <<< [apiv2][status] GET https://firebase.googleapis.com/v1beta1/projects 200
[debug] [2026-04-20T13:53:48.416Z] <<< [apiv2][body] GET https://firebase.googleapis.com/v1beta1/projects [omitted]
